<?xml version="1.0" encoding="UTF-8"?>
<!-- Generated by org.testng.reporters.JUnitReportReporter -->
<testsuite skipped="0" hostname="DESKTOP-GNC5L7A" name="allTests.HomePageTest" tests="1" failures="0" timestamp="2020-11-15T17:17:41 EST" time="7.232" errors="0">
  <testcase name="titleValidation" time="7.232" classname="allTests.HomePageTest"/>
  <system-out/>
</testsuite> <!-- allTests.HomePageTest -->
